<?xml version="1.0" encoding="UTF-8"?>
<!-- Generated by org.testng.reporters.JUnitReportReporter -->
<testsuite hostname="DESKTOP-1489BQN" failures="0" tests="2" name="com.rapl.testcases.testcases" time="69.617" errors="0" timestamp="2021-10-23T18:34:20 IST" skipped="0">
  <testcase classname="com.rapl.testcases.testcases" name="performLoginOperation" time="9.764"/>
  <system-out/>
  <testcase classname="com.rapl.testcases.testcases" name="performFeedbackOperation" time="59.853"/>
  <system-out/>
</testsuite> <!-- com.rapl.testcases.testcases -->
